Analysis & Synthesis report for 1
Mon Jul 08 23:02:35 2024
Quartus II 64-Bit Version 13.1.0 Build 162 10/23/2013 SJ Web Edition


---------------------
; Table of Contents ;
---------------------
  1. Legal Notice
  2. Analysis & Synthesis Summary
  3. Analysis & Synthesis Settings
  4. Parallel Compilation
  5. Analysis & Synthesis Source Files Read
  6. Analysis & Synthesis Resource Usage Summary
  7. Analysis & Synthesis Resource Utilization by Entity
  8. General Register Statistics
  9. Elapsed Time Per Partition
 10. Analysis & Synthesis Messages



----------------
; Legal Notice ;
----------------
Copyright (C) 1991-2013 Altera Corporation
Your use of Altera Corporation's design tools, logic functions 
and other software and tools, and its AMPP partner logic 
functions, and any output files from any of the foregoing 
(including device programming or simulation files), and any 
associated documentation or information are expressly subject 
to the terms and conditions of the Altera Program License 
Subscription Agreement, Altera MegaCore Function License 
Agreement, or other applicable license agreement, including, 
without limitation, that your use is for the sole purpose of 
programming logic devices manufactured by Altera and sold by 
Altera or its authorized distributors.  Please refer to the 
applicable agreement for further details.



+---------------------------------------------------------------------------------+
; Analysis & Synthesis Summary                                                    ;
+------------------------------------+--------------------------------------------+
; Analysis & Synthesis Status        ; Successful - Mon Jul 08 23:02:35 2024      ;
; Quartus II 64-Bit Version          ; 13.1.0 Build 162 10/23/2013 SJ Web Edition ;
; Revision Name                      ; 1                                          ;
; Top-level Entity Name              ; dividable11                                ;
; Family                             ; Cyclone IV GX                              ;
; Total logic elements               ; 50                                         ;
;     Total combinational functions  ; 50                                         ;
;     Dedicated logic registers      ; 0                                          ;
; Total registers                    ; 0                                          ;
; Total pins                         ; 17                                         ;
; Total virtual pins                 ; 0                                          ;
; Total memory bits                  ; 0                                          ;
; Embedded Multiplier 9-bit elements ; 0                                          ;
; Total GXB Receiver Channel PCS     ; 0                                          ;
; Total GXB Receiver Channel PMA     ; 0                                          ;
; Total GXB Transmitter Channel PCS  ; 0                                          ;
; Total GXB Transmitter Channel PMA  ; 0                                          ;
; Total PLLs                         ; 0                                          ;
+------------------------------------+--------------------------------------------+


+----------------------------------------------------------------------------------------------------------------------+
; Analysis & Synthesis Settings                                                                                        ;
+----------------------------------------------------------------------------+--------------------+--------------------+
; Option                                                                     ; Setting            ; Default Value      ;
+----------------------------------------------------------------------------+--------------------+--------------------+
; Top-level entity name                                                      ; dividable11        ; 1                  ;
; Family name                                                                ; Cyclone IV GX      ; Cyclone IV GX      ;
; Use smart compilation                                                      ; Off                ; Off                ;
; Enable parallel Assembler and TimeQuest Timing Analyzer during compilation ; On                 ; On                 ;
; Enable compact report table                                                ; Off                ; Off                ;
; Restructure Multiplexers                                                   ; Auto               ; Auto               ;
; Create Debugging Nodes for IP Cores                                        ; Off                ; Off                ;
; Preserve fewer node names                                                  ; On                 ; On                 ;
; Disable OpenCore Plus hardware evaluation                                  ; Off                ; Off                ;
; Verilog Version                                                            ; Verilog_2001       ; Verilog_2001       ;
; VHDL Version                                                               ; VHDL_1993          ; VHDL_1993          ;
; State Machine Processing                                                   ; Auto               ; Auto               ;
; Safe State Machine                                                         ; Off                ; Off                ;
; Extract Verilog State Machines                                             ; On                 ; On                 ;
; Extract VHDL State Machines                                                ; On                 ; On                 ;
; Ignore Verilog initial constructs                                          ; Off                ; Off                ;
; Iteration limit for constant Verilog loops                                 ; 5000               ; 5000               ;
; Iteration limit for non-constant Verilog loops                             ; 250                ; 250                ;
; Add Pass-Through Logic to Inferred RAMs                                    ; On                 ; On                 ;
; Infer RAMs from Raw Logic                                                  ; On                 ; On                 ;
; Parallel Synthesis                                                         ; On                 ; On                 ;
; DSP Block Balancing                                                        ; Auto               ; Auto               ;
; NOT Gate Push-Back                                                         ; On                 ; On                 ;
; Power-Up Don't Care                                                        ; On                 ; On                 ;
; Remove Redundant Logic Cells                                               ; Off                ; Off                ;
; Remove Duplicate Registers                                                 ; On                 ; On                 ;
; Ignore CARRY Buffers                                                       ; Off                ; Off                ;
; Ignore CASCADE Buffers                                                     ; Off                ; Off                ;
; Ignore GLOBAL Buffers                                                      ; Off                ; Off                ;
; Ignore ROW GLOBAL Buffers                                                  ; Off                ; Off                ;
; Ignore LCELL Buffers                                                       ; Off                ; Off                ;
; Ignore SOFT Buffers                                                        ; On                 ; On                 ;
; Limit AHDL Integers to 32 Bits                                             ; Off                ; Off                ;
; Optimization Technique                                                     ; Balanced           ; Balanced           ;
; Carry Chain Length                                                         ; 70                 ; 70                 ;
; Auto Carry Chains                                                          ; On                 ; On                 ;
; Auto Open-Drain Pins                                                       ; On                 ; On                 ;
; Perform WYSIWYG Primitive Resynthesis                                      ; Off                ; Off                ;
; Auto ROM Replacement                                                       ; On                 ; On                 ;
; Auto RAM Replacement                                                       ; On                 ; On                 ;
; Auto DSP Block Replacement                                                 ; On                 ; On                 ;
; Auto Shift Register Replacement                                            ; Auto               ; Auto               ;
; Allow Shift Register Merging across Hierarchies                            ; Auto               ; Auto               ;
; Auto Clock Enable Replacement                                              ; On                 ; On                 ;
; Strict RAM Replacement                                                     ; Off                ; Off                ;
; Allow Synchronous Control Signals                                          ; On                 ; On                 ;
; Force Use of Synchronous Clear Signals                                     ; Off                ; Off                ;
; Auto RAM Block Balancing                                                   ; On                 ; On                 ;
; Auto RAM to Logic Cell Conversion                                          ; Off                ; Off                ;
; Auto Resource Sharing                                                      ; Off                ; Off                ;
; Allow Any RAM Size For Recognition                                         ; Off                ; Off                ;
; Allow Any ROM Size For Recognition                                         ; Off                ; Off                ;
; Allow Any Shift Register Size For Recognition                              ; Off                ; Off                ;
; Use LogicLock Constraints during Resource Balancing                        ; On                 ; On                 ;
; Ignore translate_off and synthesis_off directives                          ; Off                ; Off                ;
; Timing-Driven Synthesis                                                    ; On                 ; On                 ;
; Report Parameter Settings                                                  ; On                 ; On                 ;
; Report Source Assignments                                                  ; On                 ; On                 ;
; Report Connectivity Checks                                                 ; On                 ; On                 ;
; Ignore Maximum Fan-Out Assignments                                         ; Off                ; Off                ;
; Synchronization Register Chain Length                                      ; 2                  ; 2                  ;
; PowerPlay Power Optimization                                               ; Normal compilation ; Normal compilation ;
; HDL message level                                                          ; Level2             ; Level2             ;
; Suppress Register Optimization Related Messages                            ; Off                ; Off                ;
; Number of Removed Registers Reported in Synthesis Report                   ; 5000               ; 5000               ;
; Number of Swept Nodes Reported in Synthesis Report                         ; 5000               ; 5000               ;
; Number of Inverted Registers Reported in Synthesis Report                  ; 100                ; 100                ;
; Clock MUX Protection                                                       ; On                 ; On                 ;
; Auto Gated Clock Conversion                                                ; Off                ; Off                ;
; Block Design Naming                                                        ; Auto               ; Auto               ;
; SDC constraint protection                                                  ; Off                ; Off                ;
; Synthesis Effort                                                           ; Auto               ; Auto               ;
; Shift Register Replacement - Allow Asynchronous Clear Signal               ; On                 ; On                 ;
; Pre-Mapping Resynthesis Optimization                                       ; Off                ; Off                ;
; Analysis & Synthesis Message Level                                         ; Medium             ; Medium             ;
; Disable Register Merging Across Hierarchies                                ; Auto               ; Auto               ;
; Resource Aware Inference For Block RAM                                     ; On                 ; On                 ;
; Synthesis Seed                                                             ; 1                  ; 1                  ;
+----------------------------------------------------------------------------+--------------------+--------------------+


Parallel compilation was disabled, but you have multiple processors available. Enable parallel compilation to reduce compilation time.
+-------------------------------------+
; Parallel Compilation                ;
+----------------------------+--------+
; Processors                 ; Number ;
+----------------------------+--------+
; Number detected on machine ; 12     ;
; Maximum allowed            ; 1      ;
+----------------------------+--------+


+--------------------------------------------------------------------------------------------------------------------------------------------------+
; Analysis & Synthesis Source Files Read                                                                                                           ;
+----------------------------------+-----------------+------------------------------------+----------------------------------------------+---------+
; File Name with User-Entered Path ; Used in Netlist ; File Type                          ; File Name with Absolute Path                 ; Library ;
+----------------------------------+-----------------+------------------------------------+----------------------------------------------+---------+
; halfadder.bdf                    ; yes             ; User Block Diagram/Schematic File  ; C:/Users/15142/Desktop/dsd/halfadder.bdf     ;         ;
; fulladder.bdf                    ; yes             ; User Block Diagram/Schematic File  ; C:/Users/15142/Desktop/dsd/fulladder.bdf     ;         ;
; fourbit_adder.bdf                ; yes             ; User Block Diagram/Schematic File  ; C:/Users/15142/Desktop/dsd/fourbit_adder.bdf ;         ;
; Compare_1.bdf                    ; yes             ; User Block Diagram/Schematic File  ; C:/Users/15142/Desktop/dsd/Compare_1.bdf     ;         ;
; Compare_2.bdf                    ; yes             ; User Block Diagram/Schematic File  ; C:/Users/15142/Desktop/dsd/Compare_2.bdf     ;         ;
; Compare_4.bdf                    ; yes             ; User Block Diagram/Schematic File  ; C:/Users/15142/Desktop/dsd/Compare_4.bdf     ;         ;
; dividable11.bdf                  ; yes             ; User Block Diagram/Schematic File  ; C:/Users/15142/Desktop/dsd/dividable11.bdf   ;         ;
+----------------------------------+-----------------+------------------------------------+----------------------------------------------+---------+


+-------------------------------------------------------------------------+
; Analysis & Synthesis Resource Usage Summary                             ;
+--------------------------+----------------------------------------------+
; Resource                 ; Usage                                        ;
+--------------------------+----------------------------------------------+
; I/O pins                 ; 17                                           ;
; DSP block 9-bit elements ; 0                                            ;
; Maximum fan-out node     ; fourbit_adder:inst21|fulladder:inst3|inst2~2 ;
; Maximum fan-out          ; 8                                            ;
; Total fan-out            ; 189                                          ;
; Average fan-out          ; 2.25                                         ;
+--------------------------+----------------------------------------------+


+---------------------------------------------------------------------------------------------------------------------------------------------------------------------------------------------------------------------------------------+
; Analysis & Synthesis Resource Utilization by Entity                                                                                                                                                                                   ;
+----------------------------+-------------------+--------------+-------------+--------------+---------+-----------+-----------+------+--------------+-------------------------------------------------------------------+--------------+
; Compilation Hierarchy Node ; LC Combinationals ; LC Registers ; Memory Bits ; DSP Elements ; DSP 9x9 ; DSP 18x18 ; DSP 36x36 ; Pins ; Virtual Pins ; Full Hierarchy Name                                               ; Library Name ;
+----------------------------+-------------------+--------------+-------------+--------------+---------+-----------+-----------+------+--------------+-------------------------------------------------------------------+--------------+
; |dividable11               ; 50 (9)            ; 0 (0)        ; 0           ; 0            ; 0       ; 0         ; 0         ; 17   ; 0            ; |dividable11                                                      ; work         ;
;    |Compare_4:inst1|       ; 5 (5)             ; 0 (0)        ; 0           ; 0            ; 0       ; 0         ; 0         ; 0    ; 0            ; |dividable11|Compare_4:inst1                                      ; work         ;
;    |Compare_4:inst2|       ; 8 (8)             ; 0 (0)        ; 0           ; 0            ; 0       ; 0         ; 0         ; 0    ; 0            ; |dividable11|Compare_4:inst2                                      ; work         ;
;    |Compare_4:inst4|       ; 6 (2)             ; 0 (0)        ; 0           ; 0            ; 0       ; 0         ; 0         ; 0    ; 0            ; |dividable11|Compare_4:inst4                                      ; work         ;
;       |Compare_2:inst2|    ; 2 (0)             ; 0 (0)        ; 0           ; 0            ; 0       ; 0         ; 0         ; 0    ; 0            ; |dividable11|Compare_4:inst4|Compare_2:inst2                      ; work         ;
;          |Compare_1:inst1| ; 2 (2)             ; 0 (0)        ; 0           ; 0            ; 0       ; 0         ; 0         ; 0    ; 0            ; |dividable11|Compare_4:inst4|Compare_2:inst2|Compare_1:inst1      ; work         ;
;       |Compare_2:inst|     ; 2 (0)             ; 0 (0)        ; 0           ; 0            ; 0       ; 0         ; 0         ; 0    ; 0            ; |dividable11|Compare_4:inst4|Compare_2:inst                       ; work         ;
;          |Compare_1:inst1| ; 1 (1)             ; 0 (0)        ; 0           ; 0            ; 0       ; 0         ; 0         ; 0    ; 0            ; |dividable11|Compare_4:inst4|Compare_2:inst|Compare_1:inst1       ; work         ;
;          |Compare_1:inst|  ; 1 (1)             ; 0 (0)        ; 0           ; 0            ; 0       ; 0         ; 0         ; 0    ; 0            ; |dividable11|Compare_4:inst4|Compare_2:inst|Compare_1:inst        ; work         ;
;    |fourbit_adder:inst12|  ; 3 (0)             ; 0 (0)        ; 0           ; 0            ; 0       ; 0         ; 0         ; 0    ; 0            ; |dividable11|fourbit_adder:inst12                                 ; work         ;
;       |fulladder:inst2|    ; 3 (0)             ; 0 (0)        ; 0           ; 0            ; 0       ; 0         ; 0         ; 0    ; 0            ; |dividable11|fourbit_adder:inst12|fulladder:inst2                 ; work         ;
;          |halfadder:inst1| ; 3 (3)             ; 0 (0)        ; 0           ; 0            ; 0       ; 0         ; 0         ; 0    ; 0            ; |dividable11|fourbit_adder:inst12|fulladder:inst2|halfadder:inst1 ; work         ;
;    |fourbit_adder:inst16|  ; 3 (0)             ; 0 (0)        ; 0           ; 0            ; 0       ; 0         ; 0         ; 0    ; 0            ; |dividable11|fourbit_adder:inst16                                 ; work         ;
;       |fulladder:inst2|    ; 3 (0)             ; 0 (0)        ; 0           ; 0            ; 0       ; 0         ; 0         ; 0    ; 0            ; |dividable11|fourbit_adder:inst16|fulladder:inst2                 ; work         ;
;          |halfadder:inst1| ; 3 (3)             ; 0 (0)        ; 0           ; 0            ; 0       ; 0         ; 0         ; 0    ; 0            ; |dividable11|fourbit_adder:inst16|fulladder:inst2|halfadder:inst1 ; work         ;
;    |fourbit_adder:inst20|  ; 7 (0)             ; 0 (0)        ; 0           ; 0            ; 0       ; 0         ; 0         ; 0    ; 0            ; |dividable11|fourbit_adder:inst20                                 ; work         ;
;       |fulladder:inst1|    ; 1 (1)             ; 0 (0)        ; 0           ; 0            ; 0       ; 0         ; 0         ; 0    ; 0            ; |dividable11|fourbit_adder:inst20|fulladder:inst1                 ; work         ;
;       |fulladder:inst2|    ; 1 (0)             ; 0 (0)        ; 0           ; 0            ; 0       ; 0         ; 0         ; 0    ; 0            ; |dividable11|fourbit_adder:inst20|fulladder:inst2                 ; work         ;
;          |halfadder:inst1| ; 1 (1)             ; 0 (0)        ; 0           ; 0            ; 0       ; 0         ; 0         ; 0    ; 0            ; |dividable11|fourbit_adder:inst20|fulladder:inst2|halfadder:inst1 ; work         ;
;       |fulladder:inst3|    ; 5 (2)             ; 0 (0)        ; 0           ; 0            ; 0       ; 0         ; 0         ; 0    ; 0            ; |dividable11|fourbit_adder:inst20|fulladder:inst3                 ; work         ;
;          |halfadder:inst1| ; 3 (3)             ; 0 (0)        ; 0           ; 0            ; 0       ; 0         ; 0         ; 0    ; 0            ; |dividable11|fourbit_adder:inst20|fulladder:inst3|halfadder:inst1 ; work         ;
;    |fourbit_adder:inst21|  ; 7 (0)             ; 0 (0)        ; 0           ; 0            ; 0       ; 0         ; 0         ; 0    ; 0            ; |dividable11|fourbit_adder:inst21                                 ; work         ;
;       |fulladder:inst2|    ; 1 (0)             ; 0 (0)        ; 0           ; 0            ; 0       ; 0         ; 0         ; 0    ; 0            ; |dividable11|fourbit_adder:inst21|fulladder:inst2                 ; work         ;
;          |halfadder:inst1| ; 1 (1)             ; 0 (0)        ; 0           ; 0            ; 0       ; 0         ; 0         ; 0    ; 0            ; |dividable11|fourbit_adder:inst21|fulladder:inst2|halfadder:inst1 ; work         ;
;       |fulladder:inst3|    ; 6 (3)             ; 0 (0)        ; 0           ; 0            ; 0       ; 0         ; 0         ; 0    ; 0            ; |dividable11|fourbit_adder:inst21|fulladder:inst3                 ; work         ;
;          |halfadder:inst1| ; 3 (3)             ; 0 (0)        ; 0           ; 0            ; 0       ; 0         ; 0         ; 0    ; 0            ; |dividable11|fourbit_adder:inst21|fulladder:inst3|halfadder:inst1 ; work         ;
;    |fourbit_adder:inst3|   ; 1 (0)             ; 0 (0)        ; 0           ; 0            ; 0       ; 0         ; 0         ; 0    ; 0            ; |dividable11|fourbit_adder:inst3                                  ; work         ;
;       |fulladder:inst1|    ; 1 (0)             ; 0 (0)        ; 0           ; 0            ; 0       ; 0         ; 0         ; 0    ; 0            ; |dividable11|fourbit_adder:inst3|fulladder:inst1                  ; work         ;
;          |halfadder:inst1| ; 1 (1)             ; 0 (0)        ; 0           ; 0            ; 0       ; 0         ; 0         ; 0    ; 0            ; |dividable11|fourbit_adder:inst3|fulladder:inst1|halfadder:inst1  ; work         ;
;    |fourbit_adder:inst|    ; 1 (0)             ; 0 (0)        ; 0           ; 0            ; 0       ; 0         ; 0         ; 0    ; 0            ; |dividable11|fourbit_adder:inst                                   ; work         ;
;       |fulladder:inst1|    ; 1 (0)             ; 0 (0)        ; 0           ; 0            ; 0       ; 0         ; 0         ; 0    ; 0            ; |dividable11|fourbit_adder:inst|fulladder:inst1                   ; work         ;
;          |halfadder:inst1| ; 1 (1)             ; 0 (0)        ; 0           ; 0            ; 0       ; 0         ; 0         ; 0    ; 0            ; |dividable11|fourbit_adder:inst|fulladder:inst1|halfadder:inst1   ; work         ;
+----------------------------+-------------------+--------------+-------------+--------------+---------+-----------+-----------+------+--------------+-------------------------------------------------------------------+--------------+
Note: For table entries with two numbers listed, the numbers in parentheses indicate the number of resources of the given type used by the specific entity alone. The numbers listed outside of parentheses indicate the total resources of the given type used by the specific entity and all of its sub-entities in the hierarchy.


+------------------------------------------------------+
; General Register Statistics                          ;
+----------------------------------------------+-------+
; Statistic                                    ; Value ;
+----------------------------------------------+-------+
; Total registers                              ; 0     ;
; Number of registers using Synchronous Clear  ; 0     ;
; Number of registers using Synchronous Load   ; 0     ;
; Number of registers using Asynchronous Clear ; 0     ;
; Number of registers using Asynchronous Load  ; 0     ;
; Number of registers using Clock Enable       ; 0     ;
; Number of registers using Preset             ; 0     ;
+----------------------------------------------+-------+


+-------------------------------+
; Elapsed Time Per Partition    ;
+----------------+--------------+
; Partition Name ; Elapsed Time ;
+----------------+--------------+
; Top            ; 00:00:02     ;
+----------------+--------------+


+-------------------------------+
; Analysis & Synthesis Messages ;
+-------------------------------+
Info: *******************************************************************
Info: Running Quartus II 64-Bit Analysis & Synthesis
    Info: Version 13.1.0 Build 162 10/23/2013 SJ Web Edition
    Info: Processing started: Mon Jul 08 23:02:29 2024
Info: Command: quartus_map --read_settings_files=on --write_settings_files=off 1 -c 1
Warning (20028): Parallel compilation is not licensed and has been disabled
Info (12021): Found 1 design units, including 1 entities, in source file halfadder.bdf
    Info (12023): Found entity 1: halfadder
Info (12021): Found 1 design units, including 1 entities, in source file fulladder.bdf
    Info (12023): Found entity 1: fulladder
Info (12021): Found 1 design units, including 1 entities, in source file fourbit_adder.bdf
    Info (12023): Found entity 1: fourbit_adder
Info (12021): Found 1 design units, including 1 entities, in source file remainder3_4bit.bdf
    Info (12023): Found entity 1: Remainder3_4bit
Info (12021): Found 1 design units, including 1 entities, in source file divideable3.bdf
    Info (12023): Found entity 1: divideable3
Info (12021): Found 1 design units, including 1 entities, in source file compare_1.bdf
    Info (12023): Found entity 1: Compare_1
Info (12021): Found 1 design units, including 1 entities, in source file compare_2.bdf
    Info (12023): Found entity 1: Compare_2
Info (12021): Found 1 design units, including 1 entities, in source file compare_4.bdf
    Info (12023): Found entity 1: Compare_4
Info (12021): Found 1 design units, including 1 entities, in source file dividable11.bdf
    Info (12023): Found entity 1: dividable11
Info (12127): Elaborating entity "dividable11" for the top level hierarchy
Info (12128): Elaborating entity "Compare_4" for hierarchy "Compare_4:inst4"
Info (12128): Elaborating entity "Compare_2" for hierarchy "Compare_4:inst4|Compare_2:inst"
Info (12128): Elaborating entity "Compare_1" for hierarchy "Compare_4:inst4|Compare_2:inst|Compare_1:inst"
Info (12128): Elaborating entity "fourbit_adder" for hierarchy "fourbit_adder:inst20"
Info (12128): Elaborating entity "fulladder" for hierarchy "fourbit_adder:inst20|fulladder:inst3"
Info (12128): Elaborating entity "halfadder" for hierarchy "fourbit_adder:inst20|fulladder:inst3|halfadder:inst1"
Info (286030): Timing-Driven Synthesis is running
Info (16010): Generating hard_block partition "hard_block:auto_generated_inst"
    Info (16011): Adding 0 node(s), including 0 DDIO, 0 PLL, 0 transceiver and 0 LCELL
Info (21057): Implemented 67 device resources after synthesis - the final resource count might be different
    Info (21058): Implemented 16 input pins
    Info (21059): Implemented 1 output pins
    Info (21061): Implemented 50 logic cells
Info: Quartus II 64-Bit Analysis & Synthesis was successful. 0 errors, 1 warning
    Info: Peak virtual memory: 4675 megabytes
    Info: Processing ended: Mon Jul 08 23:02:35 2024
    Info: Elapsed time: 00:00:06
    Info: Total CPU time (on all processors): 00:00:05


